<?xml version="1.0" encoding="UTF-8"?>
<testsuite name="de.egym.recruiting.codingtask.rest.ExerciseBasicTest" tests="6" skipped="0" failures="0" errors="0" timestamp="2017-06-20T14:13:56" hostname="DESKTOP-T1P0F6D" time="1.378">
  <properties/>
  <testcase name="testNotValidExerciseId" classname="de.egym.recruiting.codingtask.rest.ExerciseBasicTest" time="0.289"/>
  <testcase name="testSelectByDescription" classname="de.egym.recruiting.codingtask.rest.ExerciseBasicTest" time="0.268"/>
  <testcase name="testSelectByTypeAndDate" classname="de.egym.recruiting.codingtask.rest.ExerciseBasicTest" time="0.031"/>
  <testcase name="testDelete" classname="de.egym.recruiting.codingtask.rest.ExerciseBasicTest" time="0.12"/>
  <testcase name="testInsert" classname="de.egym.recruiting.codingtask.rest.ExerciseBasicTest" time="0.024"/>
  <testcase name="testUpdate" classname="de.egym.recruiting.codingtask.rest.ExerciseBasicTest" time="0.031"/>
  <system-out><![CDATA[2017-06-20 18:13:54 INFO  LogHelper:31 - HHH000204: Processing PersistenceUnitInfo [
	name: hsqldb
	...]
2017-06-20 18:13:55 INFO  Version:37 - HHH000412: Hibernate Core {5.1.0.Final}
2017-06-20 18:13:55 INFO  Environment:213 - HHH000206: hibernate.properties not found
2017-06-20 18:13:55 INFO  Environment:317 - HHH000021: Bytecode provider name : javassist
2017-06-20 18:13:55 INFO  Version:66 - HCANN000001: Hibernate Commons Annotations {5.0.1.Final}
2017-06-20 18:13:55 WARN  connections:71 - HHH10001002: Using Hibernate built-in connection pool (not for production use!)
2017-06-20 18:13:55 INFO  connections:127 - HHH10001005: using driver [org.hsqldb.jdbcDriver] at URL [jdbc:hsqldb:mem:egym-test;hsqldb.tx=mvcc;hsqldb.write_delay=false]
2017-06-20 18:13:55 INFO  connections:136 - HHH10001001: Connection properties: {user=sa, password=****}
2017-06-20 18:13:55 INFO  connections:141 - HHH10001003: Autocommit mode: false
2017-06-20 18:13:55 INFO  DriverManagerConnectionProviderImpl:39 - HHH000115: Hibernate connection pool size: 20 (min=1)
2017-06-20 18:13:55 INFO  Dialect:156 - HHH000400: Using dialect: org.hibernate.dialect.HSQLDialect
2017-06-20 18:13:56 INFO  InformationExtractorJdbcDatabaseMetaDataImpl:365 - HHH000262: Table not found: Exercise
2017-06-20 18:13:56 INFO  InformationExtractorJdbcDatabaseMetaDataImpl:365 - HHH000262: Table not found: Exercise
Hibernate: create table Exercise (id bigint generated by default as identity (start with 1), calories integer, description varchar(255), distance integer, duration integer, endTime timestamp, startTime timestamp, type varchar(255), userId bigint, primary key (id))
2017-06-20 18:13:56 DEBUG TestData:41 - Inserting test exercises
2017-06-20 18:13:56 DEBUG AbstractBaseDao:61 - Creating item = de.egym.recruiting.codingtask.jpa.domain.Exercise@5b9bbe4b[userId=1,description=eGym,type=CIRCUIT_TRAINING,startTime=Thu Jun 02 14:23:35 UTC 2016,duration=1800,distance=<null>,endTime=Thu Jun 02 14:53:35 UTC 2016,calories=220,id=<null>]
Hibernate: insert into Exercise (id, calories, description, distance, duration, endTime, startTime, type, userId) values (default, ?, ?, ?, ?, ?, ?, ?, ?)
Hibernate: call identity()
2017-06-20 18:13:56 DEBUG AbstractBaseDao:61 - Creating item = de.egym.recruiting.codingtask.jpa.domain.Exercise@56053076[userId=1,description=Bike,type=CYCLING,startTime=Fri Jun 17 16:33:45 UTC 2016,duration=2800,distance=280000,endTime=Fri Jun 17 17:20:25 UTC 2016,calories=315,id=<null>]
Hibernate: insert into Exercise (id, calories, description, distance, duration, endTime, startTime, type, userId) values (default, ?, ?, ?, ?, ?, ?, ?, ?)
Hibernate: call identity()
2017-06-20 18:13:56 DEBUG AbstractBaseDao:61 - Creating item = de.egym.recruiting.codingtask.jpa.domain.Exercise@2cf1d4b7[userId=2,description=Running,type=RUNNING,startTime=Thu May 12 19:13:07 UTC 2016,duration=2000,distance=92000,endTime=Thu May 12 19:46:27 UTC 2016,calories=234,id=<null>]
Hibernate: insert into Exercise (id, calories, description, distance, duration, endTime, startTime, type, userId) values (default, ?, ?, ?, ?, ?, ?, ?, ?)
Hibernate: call identity()
2017-06-20 18:13:56 DEBUG AbstractIntegrationTest:28 - Injecting test members.
2017-06-20 18:13:56 DEBUG ExerciseServiceImpl:122 - Get exercise by id.
2017-06-20 18:13:56 DEBUG AbstractBaseDao:52 - Finding class de.egym.recruiting.codingtask.jpa.domain.Exercise with id = -1
Hibernate: select exercise0_.id as id1_0_0_, exercise0_.calories as calories2_0_0_, exercise0_.description as descript3_0_0_, exercise0_.distance as distance4_0_0_, exercise0_.duration as duration5_0_0_, exercise0_.endTime as endTime6_0_0_, exercise0_.startTime as startTim7_0_0_, exercise0_.type as type8_0_0_, exercise0_.userId as userId9_0_0_ from Exercise exercise0_ where exercise0_.id=?
2017-06-20 18:13:56 INFO  LogHelper:31 - HHH000204: Processing PersistenceUnitInfo [
	name: hsqldb
	...]
2017-06-20 18:13:56 WARN  connections:71 - HHH10001002: Using Hibernate built-in connection pool (not for production use!)
2017-06-20 18:13:56 INFO  connections:127 - HHH10001005: using driver [org.hsqldb.jdbcDriver] at URL [jdbc:hsqldb:mem:egym-test;hsqldb.tx=mvcc;hsqldb.write_delay=false]
2017-06-20 18:13:56 INFO  connections:136 - HHH10001001: Connection properties: {user=sa, password=****}
2017-06-20 18:13:56 INFO  connections:141 - HHH10001003: Autocommit mode: false
2017-06-20 18:13:56 INFO  DriverManagerConnectionProviderImpl:39 - HHH000115: Hibernate connection pool size: 20 (min=1)
2017-06-20 18:13:56 INFO  Dialect:156 - HHH000400: Using dialect: org.hibernate.dialect.HSQLDialect
2017-06-20 18:13:56 WARN  EntityManagerFactoryRegistry:63 - HHH000436: Entity manager factory name (hsqldb) is already registered.  If entity manager will be clustered or passivated, specify a unique value for property 'hibernate.ejb.entitymanager_factory_name'
2017-06-20 18:13:56 DEBUG TestData:41 - Inserting test exercises
2017-06-20 18:13:56 DEBUG AbstractBaseDao:61 - Creating item = de.egym.recruiting.codingtask.jpa.domain.Exercise@a4c29f5[userId=1,description=eGym,type=CIRCUIT_TRAINING,startTime=Thu Jun 02 14:23:35 UTC 2016,duration=1800,distance=<null>,endTime=Thu Jun 02 14:53:35 UTC 2016,calories=220,id=<null>]
Hibernate: insert into Exercise (id, calories, description, distance, duration, endTime, startTime, type, userId) values (default, ?, ?, ?, ?, ?, ?, ?, ?)
Hibernate: call identity()
2017-06-20 18:13:56 DEBUG AbstractBaseDao:61 - Creating item = de.egym.recruiting.codingtask.jpa.domain.Exercise@146c49f7[userId=1,description=Bike,type=CYCLING,startTime=Fri Jun 17 16:33:45 UTC 2016,duration=2800,distance=280000,endTime=Fri Jun 17 17:20:25 UTC 2016,calories=315,id=<null>]
Hibernate: insert into Exercise (id, calories, description, distance, duration, endTime, startTime, type, userId) values (default, ?, ?, ?, ?, ?, ?, ?, ?)
Hibernate: call identity()
2017-06-20 18:13:56 DEBUG AbstractBaseDao:61 - Creating item = de.egym.recruiting.codingtask.jpa.domain.Exercise@2433f719[userId=2,description=Running,type=RUNNING,startTime=Thu May 12 19:13:07 UTC 2016,duration=2000,distance=92000,endTime=Thu May 12 19:46:27 UTC 2016,calories=234,id=<null>]
Hibernate: insert into Exercise (id, calories, description, distance, duration, endTime, startTime, type, userId) values (default, ?, ?, ?, ?, ?, ?, ?, ?)
Hibernate: call identity()
2017-06-20 18:13:56 DEBUG AbstractIntegrationTest:28 - Injecting test members.
2017-06-20 18:13:56 DEBUG ExerciseServiceImpl:89 - save new exercise.
2017-06-20 18:13:56 INFO  Version:24 - Hibernate Validator 4.2.0.Final
2017-06-20 18:13:57 INFO  QueryTranslatorFactoryInitiator:47 - HHH000397: Using ASTQueryTranslatorFactory
Hibernate: select exercise0_.id as col_0_0_ from Exercise exercise0_ where (exercise0_.startTime<=? and exercise0_.endTime>=? or exercise0_.startTime<=? and exercise0_.endTime>=?) and exercise0_.userId=?
2017-06-20 18:13:57 DEBUG AbstractBaseDao:61 - Creating item = de.egym.recruiting.codingtask.jpa.domain.Exercise@4b3d2614[userId=13,description=Coding Task testSelectByDescription,type=OTHER,startTime=Wed Jun 01 14:23:35 UTC 2016,duration=14400,distance=0,endTime=Wed Jun 01 18:23:35 UTC 2016,calories=500,id=<null>]
Hibernate: insert into Exercise (id, calories, description, distance, duration, endTime, startTime, type, userId) values (default, ?, ?, ?, ?, ?, ?, ?, ?)
Hibernate: call identity()
2017-06-20 18:13:57 DEBUG ExerciseServiceImpl:135 - Get exercise by description.
Hibernate: select exercise0_.id as id1_0_, exercise0_.calories as calories2_0_, exercise0_.description as descript3_0_, exercise0_.distance as distance4_0_, exercise0_.duration as duration5_0_, exercise0_.endTime as endTime6_0_, exercise0_.startTime as startTim7_0_, exercise0_.type as type8_0_, exercise0_.userId as userId9_0_ from Exercise exercise0_ where lower(exercise0_.description)=?
2017-06-20 18:13:57 INFO  LogHelper:31 - HHH000204: Processing PersistenceUnitInfo [
	name: hsqldb
	...]
2017-06-20 18:13:57 WARN  connections:71 - HHH10001002: Using Hibernate built-in connection pool (not for production use!)
2017-06-20 18:13:57 INFO  connections:127 - HHH10001005: using driver [org.hsqldb.jdbcDriver] at URL [jdbc:hsqldb:mem:egym-test;hsqldb.tx=mvcc;hsqldb.write_delay=false]
2017-06-20 18:13:57 INFO  connections:136 - HHH10001001: Connection properties: {user=sa, password=****}
2017-06-20 18:13:57 INFO  connections:141 - HHH10001003: Autocommit mode: false
2017-06-20 18:13:57 INFO  DriverManagerConnectionProviderImpl:39 - HHH000115: Hibernate connection pool size: 20 (min=1)
2017-06-20 18:13:57 INFO  Dialect:156 - HHH000400: Using dialect: org.hibernate.dialect.HSQLDialect
2017-06-20 18:13:57 WARN  EntityManagerFactoryRegistry:63 - HHH000436: Entity manager factory name (hsqldb) is already registered.  If entity manager will be clustered or passivated, specify a unique value for property 'hibernate.ejb.entitymanager_factory_name'
2017-06-20 18:13:57 DEBUG TestData:41 - Inserting test exercises
2017-06-20 18:13:57 DEBUG AbstractBaseDao:61 - Creating item = de.egym.recruiting.codingtask.jpa.domain.Exercise@2d024e19[userId=1,description=eGym,type=CIRCUIT_TRAINING,startTime=Thu Jun 02 14:23:35 UTC 2016,duration=1800,distance=<null>,endTime=Thu Jun 02 14:53:35 UTC 2016,calories=220,id=<null>]
Hibernate: insert into Exercise (id, calories, description, distance, duration, endTime, startTime, type, userId) values (default, ?, ?, ?, ?, ?, ?, ?, ?)
Hibernate: call identity()
2017-06-20 18:13:57 DEBUG AbstractBaseDao:61 - Creating item = de.egym.recruiting.codingtask.jpa.domain.Exercise@16c5720e[userId=1,description=Bike,type=CYCLING,startTime=Fri Jun 17 16:33:45 UTC 2016,duration=2800,distance=280000,endTime=Fri Jun 17 17:20:25 UTC 2016,calories=315,id=<null>]
Hibernate: insert into Exercise (id, calories, description, distance, duration, endTime, startTime, type, userId) values (default, ?, ?, ?, ?, ?, ?, ?, ?)
Hibernate: call identity()
2017-06-20 18:13:57 DEBUG AbstractBaseDao:61 - Creating item = de.egym.recruiting.codingtask.jpa.domain.Exercise@7e77a8fa[userId=2,description=Running,type=RUNNING,startTime=Thu May 12 19:13:07 UTC 2016,duration=2000,distance=92000,endTime=Thu May 12 19:46:27 UTC 2016,calories=234,id=<null>]
Hibernate: insert into Exercise (id, calories, description, distance, duration, endTime, startTime, type, userId) values (default, ?, ?, ?, ?, ?, ?, ?, ?)
Hibernate: call identity()
2017-06-20 18:13:57 DEBUG AbstractIntegrationTest:28 - Injecting test members.
2017-06-20 18:13:57 DEBUG ExerciseServiceImpl:89 - save new exercise.
2017-06-20 18:13:57 INFO  QueryTranslatorFactoryInitiator:47 - HHH000397: Using ASTQueryTranslatorFactory
Hibernate: select exercise0_.id as col_0_0_ from Exercise exercise0_ where (exercise0_.startTime<=? and exercise0_.endTime>=? or exercise0_.startTime<=? and exercise0_.endTime>=?) and exercise0_.userId=?
2017-06-20 18:13:57 DEBUG AbstractBaseDao:61 - Creating item = de.egym.recruiting.codingtask.jpa.domain.Exercise@23dce86e[userId=14,description=Coding Task,type=OTHER,startTime=Sun Jun 19 11:00:00 UTC 2016,duration=14400,distance=0,endTime=Sun Jun 19 15:00:00 UTC 2016,calories=500,id=<null>]
Hibernate: insert into Exercise (id, calories, description, distance, duration, endTime, startTime, type, userId) values (default, ?, ?, ?, ?, ?, ?, ?, ?)
Hibernate: call identity()
Hibernate: select exercise0_.id as id1_0_, exercise0_.calories as calories2_0_, exercise0_.description as descript3_0_, exercise0_.distance as distance4_0_, exercise0_.duration as duration5_0_, exercise0_.endTime as endTime6_0_, exercise0_.startTime as startTim7_0_, exercise0_.type as type8_0_, exercise0_.userId as userId9_0_ from Exercise exercise0_ where exercise0_.userId=? and exercise0_.type=? and exercise0_.startTime>=? and exercise0_.startTime<=?
2017-06-20 18:13:57 INFO  LogHelper:31 - HHH000204: Processing PersistenceUnitInfo [
	name: hsqldb
	...]
2017-06-20 18:13:57 WARN  connections:71 - HHH10001002: Using Hibernate built-in connection pool (not for production use!)
2017-06-20 18:13:57 INFO  connections:127 - HHH10001005: using driver [org.hsqldb.jdbcDriver] at URL [jdbc:hsqldb:mem:egym-test;hsqldb.tx=mvcc;hsqldb.write_delay=false]
2017-06-20 18:13:57 INFO  connections:136 - HHH10001001: Connection properties: {user=sa, password=****}
2017-06-20 18:13:57 INFO  connections:141 - HHH10001003: Autocommit mode: false
2017-06-20 18:13:57 INFO  DriverManagerConnectionProviderImpl:39 - HHH000115: Hibernate connection pool size: 20 (min=1)
2017-06-20 18:13:57 INFO  Dialect:156 - HHH000400: Using dialect: org.hibernate.dialect.HSQLDialect
2017-06-20 18:13:57 WARN  EntityManagerFactoryRegistry:63 - HHH000436: Entity manager factory name (hsqldb) is already registered.  If entity manager will be clustered or passivated, specify a unique value for property 'hibernate.ejb.entitymanager_factory_name'
2017-06-20 18:13:57 DEBUG TestData:41 - Inserting test exercises
2017-06-20 18:13:57 DEBUG AbstractBaseDao:61 - Creating item = de.egym.recruiting.codingtask.jpa.domain.Exercise@1dab648a[userId=1,description=eGym,type=CIRCUIT_TRAINING,startTime=Thu Jun 02 14:23:35 UTC 2016,duration=1800,distance=<null>,endTime=Thu Jun 02 14:53:35 UTC 2016,calories=220,id=<null>]
Hibernate: insert into Exercise (id, calories, description, distance, duration, endTime, startTime, type, userId) values (default, ?, ?, ?, ?, ?, ?, ?, ?)
Hibernate: call identity()
2017-06-20 18:13:57 DEBUG AbstractBaseDao:61 - Creating item = de.egym.recruiting.codingtask.jpa.domain.Exercise@30cddb21[userId=1,description=Bike,type=CYCLING,startTime=Fri Jun 17 16:33:45 UTC 2016,duration=2800,distance=280000,endTime=Fri Jun 17 17:20:25 UTC 2016,calories=315,id=<null>]
Hibernate: insert into Exercise (id, calories, description, distance, duration, endTime, startTime, type, userId) values (default, ?, ?, ?, ?, ?, ?, ?, ?)
Hibernate: call identity()
2017-06-20 18:13:57 DEBUG AbstractBaseDao:61 - Creating item = de.egym.recruiting.codingtask.jpa.domain.Exercise@432bd8a[userId=2,description=Running,type=RUNNING,startTime=Thu May 12 19:13:07 UTC 2016,duration=2000,distance=92000,endTime=Thu May 12 19:46:27 UTC 2016,calories=234,id=<null>]
Hibernate: insert into Exercise (id, calories, description, distance, duration, endTime, startTime, type, userId) values (default, ?, ?, ?, ?, ?, ?, ?, ?)
Hibernate: call identity()
2017-06-20 18:13:57 DEBUG AbstractIntegrationTest:28 - Injecting test members.
2017-06-20 18:13:57 DEBUG ExerciseServiceImpl:89 - save new exercise.
2017-06-20 18:13:57 INFO  QueryTranslatorFactoryInitiator:47 - HHH000397: Using ASTQueryTranslatorFactory
Hibernate: select exercise0_.id as col_0_0_ from Exercise exercise0_ where (exercise0_.startTime<=? and exercise0_.endTime>=? or exercise0_.startTime<=? and exercise0_.endTime>=?) and exercise0_.userId=?
2017-06-20 18:13:57 DEBUG AbstractBaseDao:61 - Creating item = de.egym.recruiting.codingtask.jpa.domain.Exercise@4defc4e5[userId=12,description=Coding Task,type=OTHER,startTime=Wed Jun 15 12:00:00 UTC 2016,duration=14400,distance=0,endTime=Wed Jun 15 16:00:00 UTC 2016,calories=500,id=<null>]
Hibernate: insert into Exercise (id, calories, description, distance, duration, endTime, startTime, type, userId) values (default, ?, ?, ?, ?, ?, ?, ?, ?)
Hibernate: call identity()
2017-06-20 18:13:57 DEBUG AbstractBaseDao:95 - Deleting class de.egym.recruiting.codingtask.jpa.domain.Exercise with id = 15
Hibernate: select exercise0_.id as id1_0_0_, exercise0_.calories as calories2_0_0_, exercise0_.description as descript3_0_0_, exercise0_.distance as distance4_0_0_, exercise0_.duration as duration5_0_0_, exercise0_.endTime as endTime6_0_0_, exercise0_.startTime as startTim7_0_0_, exercise0_.type as type8_0_0_, exercise0_.userId as userId9_0_0_ from Exercise exercise0_ where exercise0_.id=?
Hibernate: delete from Exercise where id=?
2017-06-20 18:13:57 DEBUG ExerciseServiceImpl:122 - Get exercise by id.
2017-06-20 18:13:57 DEBUG AbstractBaseDao:52 - Finding class de.egym.recruiting.codingtask.jpa.domain.Exercise with id = 15
Hibernate: select exercise0_.id as id1_0_0_, exercise0_.calories as calories2_0_0_, exercise0_.description as descript3_0_0_, exercise0_.distance as distance4_0_0_, exercise0_.duration as duration5_0_0_, exercise0_.endTime as endTime6_0_0_, exercise0_.startTime as startTim7_0_0_, exercise0_.type as type8_0_0_, exercise0_.userId as userId9_0_0_ from Exercise exercise0_ where exercise0_.id=?
2017-06-20 18:13:57 INFO  LogHelper:31 - HHH000204: Processing PersistenceUnitInfo [
	name: hsqldb
	...]
2017-06-20 18:13:57 WARN  connections:71 - HHH10001002: Using Hibernate built-in connection pool (not for production use!)
2017-06-20 18:13:57 INFO  connections:127 - HHH10001005: using driver [org.hsqldb.jdbcDriver] at URL [jdbc:hsqldb:mem:egym-test;hsqldb.tx=mvcc;hsqldb.write_delay=false]
2017-06-20 18:13:57 INFO  connections:136 - HHH10001001: Connection properties: {user=sa, password=****}
2017-06-20 18:13:57 INFO  connections:141 - HHH10001003: Autocommit mode: false
2017-06-20 18:13:57 INFO  DriverManagerConnectionProviderImpl:39 - HHH000115: Hibernate connection pool size: 20 (min=1)
2017-06-20 18:13:57 INFO  Dialect:156 - HHH000400: Using dialect: org.hibernate.dialect.HSQLDialect
2017-06-20 18:13:57 WARN  EntityManagerFactoryRegistry:63 - HHH000436: Entity manager factory name (hsqldb) is already registered.  If entity manager will be clustered or passivated, specify a unique value for property 'hibernate.ejb.entitymanager_factory_name'
2017-06-20 18:13:57 DEBUG TestData:41 - Inserting test exercises
2017-06-20 18:13:57 DEBUG AbstractBaseDao:61 - Creating item = de.egym.recruiting.codingtask.jpa.domain.Exercise@402b8083[userId=1,description=eGym,type=CIRCUIT_TRAINING,startTime=Thu Jun 02 14:23:35 UTC 2016,duration=1800,distance=<null>,endTime=Thu Jun 02 14:53:35 UTC 2016,calories=220,id=<null>]
Hibernate: insert into Exercise (id, calories, description, distance, duration, endTime, startTime, type, userId) values (default, ?, ?, ?, ?, ?, ?, ?, ?)
Hibernate: call identity()
2017-06-20 18:13:57 DEBUG AbstractBaseDao:61 - Creating item = de.egym.recruiting.codingtask.jpa.domain.Exercise@21e797f8[userId=1,description=Bike,type=CYCLING,startTime=Fri Jun 17 16:33:45 UTC 2016,duration=2800,distance=280000,endTime=Fri Jun 17 17:20:25 UTC 2016,calories=315,id=<null>]
Hibernate: insert into Exercise (id, calories, description, distance, duration, endTime, startTime, type, userId) values (default, ?, ?, ?, ?, ?, ?, ?, ?)
Hibernate: call identity()
2017-06-20 18:13:57 DEBUG AbstractBaseDao:61 - Creating item = de.egym.recruiting.codingtask.jpa.domain.Exercise@39243670[userId=2,description=Running,type=RUNNING,startTime=Thu May 12 19:13:07 UTC 2016,duration=2000,distance=92000,endTime=Thu May 12 19:46:27 UTC 2016,calories=234,id=<null>]
Hibernate: insert into Exercise (id, calories, description, distance, duration, endTime, startTime, type, userId) values (default, ?, ?, ?, ?, ?, ?, ?, ?)
Hibernate: call identity()
2017-06-20 18:13:57 DEBUG AbstractIntegrationTest:28 - Injecting test members.
2017-06-20 18:13:57 DEBUG ExerciseServiceImpl:89 - save new exercise.
2017-06-20 18:13:57 INFO  QueryTranslatorFactoryInitiator:47 - HHH000397: Using ASTQueryTranslatorFactory
Hibernate: select exercise0_.id as col_0_0_ from Exercise exercise0_ where (exercise0_.startTime<=? and exercise0_.endTime>=? or exercise0_.startTime<=? and exercise0_.endTime>=?) and exercise0_.userId=?
2017-06-20 18:13:57 DEBUG AbstractBaseDao:61 - Creating item = de.egym.recruiting.codingtask.jpa.domain.Exercise@7db84234[userId=10,description=Coding Task,type=OTHER,startTime=Wed Jun 01 14:23:35 UTC 2016,duration=14400,distance=0,endTime=Wed Jun 01 18:23:35 UTC 2016,calories=500,id=<null>]
Hibernate: insert into Exercise (id, calories, description, distance, duration, endTime, startTime, type, userId) values (default, ?, ?, ?, ?, ?, ?, ?, ?)
Hibernate: call identity()
2017-06-20 18:13:57 DEBUG ExerciseServiceImpl:122 - Get exercise by id.
2017-06-20 18:13:57 DEBUG AbstractBaseDao:52 - Finding class de.egym.recruiting.codingtask.jpa.domain.Exercise with id = 19
Hibernate: select exercise0_.id as id1_0_0_, exercise0_.calories as calories2_0_0_, exercise0_.description as descript3_0_0_, exercise0_.distance as distance4_0_0_, exercise0_.duration as duration5_0_0_, exercise0_.endTime as endTime6_0_0_, exercise0_.startTime as startTim7_0_0_, exercise0_.type as type8_0_0_, exercise0_.userId as userId9_0_0_ from Exercise exercise0_ where exercise0_.id=?
2017-06-20 18:13:57 INFO  LogHelper:31 - HHH000204: Processing PersistenceUnitInfo [
	name: hsqldb
	...]
2017-06-20 18:13:57 WARN  connections:71 - HHH10001002: Using Hibernate built-in connection pool (not for production use!)
2017-06-20 18:13:57 INFO  connections:127 - HHH10001005: using driver [org.hsqldb.jdbcDriver] at URL [jdbc:hsqldb:mem:egym-test;hsqldb.tx=mvcc;hsqldb.write_delay=false]
2017-06-20 18:13:57 INFO  connections:136 - HHH10001001: Connection properties: {user=sa, password=****}
2017-06-20 18:13:57 INFO  connections:141 - HHH10001003: Autocommit mode: false
2017-06-20 18:13:57 INFO  DriverManagerConnectionProviderImpl:39 - HHH000115: Hibernate connection pool size: 20 (min=1)
2017-06-20 18:13:57 INFO  Dialect:156 - HHH000400: Using dialect: org.hibernate.dialect.HSQLDialect
2017-06-20 18:13:57 WARN  EntityManagerFactoryRegistry:63 - HHH000436: Entity manager factory name (hsqldb) is already registered.  If entity manager will be clustered or passivated, specify a unique value for property 'hibernate.ejb.entitymanager_factory_name'
2017-06-20 18:13:57 DEBUG TestData:41 - Inserting test exercises
2017-06-20 18:13:57 DEBUG AbstractBaseDao:61 - Creating item = de.egym.recruiting.codingtask.jpa.domain.Exercise@2aa330d3[userId=1,description=eGym,type=CIRCUIT_TRAINING,startTime=Thu Jun 02 14:23:35 UTC 2016,duration=1800,distance=<null>,endTime=Thu Jun 02 14:53:35 UTC 2016,calories=220,id=<null>]
Hibernate: insert into Exercise (id, calories, description, distance, duration, endTime, startTime, type, userId) values (default, ?, ?, ?, ?, ?, ?, ?, ?)
Hibernate: call identity()
2017-06-20 18:13:57 DEBUG AbstractBaseDao:61 - Creating item = de.egym.recruiting.codingtask.jpa.domain.Exercise@2ba6c77a[userId=1,description=Bike,type=CYCLING,startTime=Fri Jun 17 16:33:45 UTC 2016,duration=2800,distance=280000,endTime=Fri Jun 17 17:20:25 UTC 2016,calories=315,id=<null>]
Hibernate: insert into Exercise (id, calories, description, distance, duration, endTime, startTime, type, userId) values (default, ?, ?, ?, ?, ?, ?, ?, ?)
Hibernate: call identity()
2017-06-20 18:13:57 DEBUG AbstractBaseDao:61 - Creating item = de.egym.recruiting.codingtask.jpa.domain.Exercise@5b4f6675[userId=2,description=Running,type=RUNNING,startTime=Thu May 12 19:13:07 UTC 2016,duration=2000,distance=92000,endTime=Thu May 12 19:46:27 UTC 2016,calories=234,id=<null>]
Hibernate: insert into Exercise (id, calories, description, distance, duration, endTime, startTime, type, userId) values (default, ?, ?, ?, ?, ?, ?, ?, ?)
Hibernate: call identity()
2017-06-20 18:13:57 DEBUG AbstractIntegrationTest:28 - Injecting test members.
2017-06-20 18:13:57 DEBUG ExerciseServiceImpl:89 - save new exercise.
2017-06-20 18:13:57 INFO  QueryTranslatorFactoryInitiator:47 - HHH000397: Using ASTQueryTranslatorFactory
Hibernate: select exercise0_.id as col_0_0_ from Exercise exercise0_ where (exercise0_.startTime<=? and exercise0_.endTime>=? or exercise0_.startTime<=? and exercise0_.endTime>=?) and exercise0_.userId=?
2017-06-20 18:13:57 DEBUG AbstractBaseDao:61 - Creating item = de.egym.recruiting.codingtask.jpa.domain.Exercise@61b124f6[userId=11,description=Coding Task,type=OTHER,startTime=Thu Jun 02 17:03:15 UTC 2016,duration=14400,distance=0,endTime=Thu Jun 02 21:03:15 UTC 2016,calories=500,id=<null>]
Hibernate: insert into Exercise (id, calories, description, distance, duration, endTime, startTime, type, userId) values (default, ?, ?, ?, ?, ?, ?, ?, ?)
Hibernate: call identity()
2017-06-20 18:13:57 DEBUG ExerciseServiceImpl:45 - updating exercise.
2017-06-20 18:13:57 DEBUG AbstractBaseDao:52 - Finding class de.egym.recruiting.codingtask.jpa.domain.Exercise with id = 23
Hibernate: select exercise0_.id as id1_0_0_, exercise0_.calories as calories2_0_0_, exercise0_.description as descript3_0_0_, exercise0_.distance as distance4_0_0_, exercise0_.duration as duration5_0_0_, exercise0_.endTime as endTime6_0_0_, exercise0_.startTime as startTim7_0_0_, exercise0_.type as type8_0_0_, exercise0_.userId as userId9_0_0_ from Exercise exercise0_ where exercise0_.id=?
2017-06-20 18:13:57 DEBUG AbstractBaseDao:68 - Updating item = de.egym.recruiting.codingtask.jpa.domain.Exercise@6b652403[userId=11,description=Onsite Interview,type=OTHER,startTime=Thu Jun 02 17:03:15 UTC 2016,duration=7200,distance=1500,endTime=Thu Jun 02 19:03:15 UTC 2016,calories=700,id=23]
Hibernate: select exercise0_.id as id1_0_0_, exercise0_.calories as calories2_0_0_, exercise0_.description as descript3_0_0_, exercise0_.distance as distance4_0_0_, exercise0_.duration as duration5_0_0_, exercise0_.endTime as endTime6_0_0_, exercise0_.startTime as startTim7_0_0_, exercise0_.type as type8_0_0_, exercise0_.userId as userId9_0_0_ from Exercise exercise0_ where exercise0_.id=?
Hibernate: update Exercise set calories=?, description=?, distance=?, duration=?, endTime=?, startTime=?, type=?, userId=? where id=?
2017-06-20 18:13:57 DEBUG ExerciseServiceImpl:122 - Get exercise by id.
2017-06-20 18:13:57 DEBUG AbstractBaseDao:52 - Finding class de.egym.recruiting.codingtask.jpa.domain.Exercise with id = 23
Hibernate: select exercise0_.id as id1_0_0_, exercise0_.calories as calories2_0_0_, exercise0_.description as descript3_0_0_, exercise0_.distance as distance4_0_0_, exercise0_.duration as duration5_0_0_, exercise0_.endTime as endTime6_0_0_, exercise0_.startTime as startTim7_0_0_, exercise0_.type as type8_0_0_, exercise0_.userId as userId9_0_0_ from Exercise exercise0_ where exercise0_.id=?
]]></system-out>
  <system-err><![CDATA[Jun 20, 2017 2:13:56 PM com.google.inject.servlet.GuiceFilter setPipeline
WARNING: Multiple Servlet injectors detected. This is a warning indicating that you have more than one GuiceFilter running in your web application. If this is deliberate, you may safely ignore this message. If this is NOT deliberate however, your application may not work as expected.
Jun 20, 2017 2:13:57 PM com.google.inject.servlet.GuiceFilter setPipeline
WARNING: Multiple Servlet injectors detected. This is a warning indicating that you have more than one GuiceFilter running in your web application. If this is deliberate, you may safely ignore this message. If this is NOT deliberate however, your application may not work as expected.
Jun 20, 2017 2:13:57 PM com.google.inject.servlet.GuiceFilter setPipeline
WARNING: Multiple Servlet injectors detected. This is a warning indicating that you have more than one GuiceFilter running in your web application. If this is deliberate, you may safely ignore this message. If this is NOT deliberate however, your application may not work as expected.
Jun 20, 2017 2:13:57 PM com.google.inject.servlet.GuiceFilter setPipeline
WARNING: Multiple Servlet injectors detected. This is a warning indicating that you have more than one GuiceFilter running in your web application. If this is deliberate, you may safely ignore this message. If this is NOT deliberate however, your application may not work as expected.
Jun 20, 2017 2:13:57 PM com.google.inject.servlet.GuiceFilter setPipeline
WARNING: Multiple Servlet injectors detected. This is a warning indicating that you have more than one GuiceFilter running in your web application. If this is deliberate, you may safely ignore this message. If this is NOT deliberate however, your application may not work as expected.
]]></system-err>
</testsuite>
